<?xml version="1.0" encoding="UTF-8"?>
<!-- Generated by org.testng.reporters.JUnitReportReporter -->
<testsuite hostname="Mohits-MacBook-Air.local" name="testpackage.FlightbookTest" tests="1" failures="0" timestamp="16 Jul 2016 23:26:46 GMT" time="11.118" errors="0">
  <testcase name="testRegister" time="11.118" classname="testpackage.FlightbookTest"/>
</testsuite> <!-- testpackage.FlightbookTest -->
